C:\USERS\JONGWOOK-BC\DOCUMENTS\VISUAL STUDIO 2010\PROJECTS\URMUS\URMUSWIN\DEBUG\ADSR.OBJ
C:\USERS\JONGWOOK-BC\DOCUMENTS\VISUAL STUDIO 2010\PROJECTS\URMUS\URMUSWIN\DEBUG\ASYMP.OBJ
C:\USERS\JONGWOOK-BC\DOCUMENTS\VISUAL STUDIO 2010\PROJECTS\URMUS\URMUSWIN\DEBUG\BANDEDWG.OBJ
C:\USERS\JONGWOOK-BC\DOCUMENTS\VISUAL STUDIO 2010\PROJECTS\URMUS\URMUSWIN\DEBUG\BEETHREE.OBJ
C:\USERS\JONGWOOK-BC\DOCUMENTS\VISUAL STUDIO 2010\PROJECTS\URMUS\URMUSWIN\DEBUG\BIQUAD.OBJ
C:\USERS\JONGWOOK-BC\DOCUMENTS\VISUAL STUDIO 2010\PROJECTS\URMUS\URMUSWIN\DEBUG\BLIT.OBJ
C:\USERS\JONGWOOK-BC\DOCUMENTS\VISUAL STUDIO 2010\PROJECTS\URMUS\URMUSWIN\DEBUG\BLITSAW.OBJ
C:\USERS\JONGWOOK-BC\DOCUMENTS\VISUAL STUDIO 2010\PROJECTS\URMUS\URMUSWIN\DEBUG\BLITSQUARE.OBJ
C:\USERS\JONGWOOK-BC\DOCUMENTS\VISUAL STUDIO 2010\PROJECTS\URMUS\URMUSWIN\DEBUG\BLOWBOTL.OBJ
C:\USERS\JONGWOOK-BC\DOCUMENTS\VISUAL STUDIO 2010\PROJECTS\URMUS\URMUSWIN\DEBUG\BLOWHOLE.OBJ
C:\USERS\JONGWOOK-BC\DOCUMENTS\VISUAL STUDIO 2010\PROJECTS\URMUS\URMUSWIN\DEBUG\BOWED.OBJ
C:\USERS\JONGWOOK-BC\DOCUMENTS\VISUAL STUDIO 2010\PROJECTS\URMUS\URMUSWIN\DEBUG\BRASS.OBJ
C:\USERS\JONGWOOK-BC\DOCUMENTS\VISUAL STUDIO 2010\PROJECTS\URMUS\URMUSWIN\DEBUG\CHORUS.OBJ
C:\Users\Jongwook-BC\Documents\Visual Studio 2010\Projects\urMus\urMusWin\Debug\cl.command.1.tlog
C:\Users\Jongwook-BC\Documents\Visual Studio 2010\Projects\urMus\urMusWin\Debug\CL.read.1.tlog
C:\Users\Jongwook-BC\Documents\Visual Studio 2010\Projects\urMus\urMusWin\Debug\CL.write.1.tlog
C:\USERS\JONGWOOK-BC\DOCUMENTS\VISUAL STUDIO 2010\PROJECTS\URMUS\URMUSWIN\DEBUG\CLARINET.OBJ
C:\USERS\JONGWOOK-BC\DOCUMENTS\VISUAL STUDIO 2010\PROJECTS\URMUS\URMUSWIN\DEBUG\DELAY.OBJ
C:\USERS\JONGWOOK-BC\DOCUMENTS\VISUAL STUDIO 2010\PROJECTS\URMUS\URMUSWIN\DEBUG\DELAYA.OBJ
C:\USERS\JONGWOOK-BC\DOCUMENTS\VISUAL STUDIO 2010\PROJECTS\URMUS\URMUSWIN\DEBUG\DELAYL.OBJ
C:\USERS\JONGWOOK-BC\DOCUMENTS\VISUAL STUDIO 2010\PROJECTS\URMUS\URMUSWIN\DEBUG\DRUMMER.OBJ
C:\USERS\JONGWOOK-BC\DOCUMENTS\VISUAL STUDIO 2010\PROJECTS\URMUS\URMUSWIN\DEBUG\ECHO.OBJ
C:\USERS\JONGWOOK-BC\DOCUMENTS\VISUAL STUDIO 2010\PROJECTS\URMUS\URMUSWIN\DEBUG\ENVELOPE.OBJ
C:\USERS\JONGWOOK-BC\DOCUMENTS\VISUAL STUDIO 2010\PROJECTS\URMUS\URMUSWIN\DEBUG\FILELOOP.OBJ
C:\USERS\JONGWOOK-BC\DOCUMENTS\VISUAL STUDIO 2010\PROJECTS\URMUS\URMUSWIN\DEBUG\FILEREAD.OBJ
C:\USERS\JONGWOOK-BC\DOCUMENTS\VISUAL STUDIO 2010\PROJECTS\URMUS\URMUSWIN\DEBUG\FILEWRITE.OBJ
C:\USERS\JONGWOOK-BC\DOCUMENTS\VISUAL STUDIO 2010\PROJECTS\URMUS\URMUSWIN\DEBUG\FILEWVIN.OBJ
C:\USERS\JONGWOOK-BC\DOCUMENTS\VISUAL STUDIO 2010\PROJECTS\URMUS\URMUSWIN\DEBUG\FILEWVOUT.OBJ
C:\USERS\JONGWOOK-BC\DOCUMENTS\VISUAL STUDIO 2010\PROJECTS\URMUS\URMUSWIN\DEBUG\FIR.OBJ
C:\USERS\JONGWOOK-BC\DOCUMENTS\VISUAL STUDIO 2010\PROJECTS\URMUS\URMUSWIN\DEBUG\FLUTE.OBJ
C:\USERS\JONGWOOK-BC\DOCUMENTS\VISUAL STUDIO 2010\PROJECTS\URMUS\URMUSWIN\DEBUG\FM.OBJ
C:\USERS\JONGWOOK-BC\DOCUMENTS\VISUAL STUDIO 2010\PROJECTS\URMUS\URMUSWIN\DEBUG\FMVOICES.OBJ
C:\USERS\JONGWOOK-BC\DOCUMENTS\VISUAL STUDIO 2010\PROJECTS\URMUS\URMUSWIN\DEBUG\FORMSWEP.OBJ
C:\USERS\JONGWOOK-BC\DOCUMENTS\VISUAL STUDIO 2010\PROJECTS\URMUS\URMUSWIN\DEBUG\GRANULATE.OBJ
C:\USERS\JONGWOOK-BC\DOCUMENTS\VISUAL STUDIO 2010\PROJECTS\URMUS\URMUSWIN\DEBUG\HEVYMETL.OBJ
C:\USERS\JONGWOOK-BC\DOCUMENTS\VISUAL STUDIO 2010\PROJECTS\URMUS\URMUSWIN\DEBUG\IIR.OBJ
C:\USERS\JONGWOOK-BC\DOCUMENTS\VISUAL STUDIO 2010\PROJECTS\URMUS\URMUSWIN\DEBUG\JCREV.OBJ
C:\USERS\JONGWOOK-BC\DOCUMENTS\VISUAL STUDIO 2010\PROJECTS\URMUS\URMUSWIN\DEBUG\LAPI.OBJ
C:\USERS\JONGWOOK-BC\DOCUMENTS\VISUAL STUDIO 2010\PROJECTS\URMUS\URMUSWIN\DEBUG\LAUXLIB.OBJ
C:\USERS\JONGWOOK-BC\DOCUMENTS\VISUAL STUDIO 2010\PROJECTS\URMUS\URMUSWIN\DEBUG\LBASELIB.OBJ
C:\USERS\JONGWOOK-BC\DOCUMENTS\VISUAL STUDIO 2010\PROJECTS\URMUS\URMUSWIN\DEBUG\LCODE.OBJ
C:\USERS\JONGWOOK-BC\DOCUMENTS\VISUAL STUDIO 2010\PROJECTS\URMUS\URMUSWIN\DEBUG\LDBLIB.OBJ
C:\USERS\JONGWOOK-BC\DOCUMENTS\VISUAL STUDIO 2010\PROJECTS\URMUS\URMUSWIN\DEBUG\LDEBUG.OBJ
C:\USERS\JONGWOOK-BC\DOCUMENTS\VISUAL STUDIO 2010\PROJECTS\URMUS\URMUSWIN\DEBUG\LDO.OBJ
C:\USERS\JONGWOOK-BC\DOCUMENTS\VISUAL STUDIO 2010\PROJECTS\URMUS\URMUSWIN\DEBUG\LDUMP.OBJ
C:\USERS\JONGWOOK-BC\DOCUMENTS\VISUAL STUDIO 2010\PROJECTS\URMUS\URMUSWIN\DEBUG\LFS.OBJ
C:\USERS\JONGWOOK-BC\DOCUMENTS\VISUAL STUDIO 2010\PROJECTS\URMUS\URMUSWIN\DEBUG\LFUNC.OBJ
C:\USERS\JONGWOOK-BC\DOCUMENTS\VISUAL STUDIO 2010\PROJECTS\URMUS\URMUSWIN\DEBUG\LGC.OBJ
C:\USERS\JONGWOOK-BC\DOCUMENTS\VISUAL STUDIO 2010\PROJECTS\URMUS\URMUSWIN\DEBUG\LINIT.OBJ
C:\Users\Jongwook-BC\Documents\Visual Studio 2010\Projects\urMus\urMusWin\Debug\link.5112.read.1.tlog
C:\Users\Jongwook-BC\Documents\Visual Studio 2010\Projects\urMus\urMusWin\Debug\link.5112.write.1.tlog
C:\Users\Jongwook-BC\Documents\Visual Studio 2010\Projects\urMus\urMusWin\Debug\link.5112-cvtres.read.1.tlog
C:\Users\Jongwook-BC\Documents\Visual Studio 2010\Projects\urMus\urMusWin\Debug\link.5112-cvtres.write.1.tlog
C:\Users\Jongwook-BC\Documents\Visual Studio 2010\Projects\urMus\urMusWin\Debug\link.command.1.tlog
C:\Users\Jongwook-BC\Documents\Visual Studio 2010\Projects\urMus\urMusWin\Debug\link.read.1.tlog
C:\Users\Jongwook-BC\Documents\Visual Studio 2010\Projects\urMus\urMusWin\Debug\link.write.1.tlog
C:\Users\Jongwook-BC\Documents\Visual Studio 2010\Projects\urMus\urMusWin\Debug\link-cvtres.read.1.tlog
C:\Users\Jongwook-BC\Documents\Visual Studio 2010\Projects\urMus\urMusWin\Debug\link-cvtres.write.1.tlog
C:\USERS\JONGWOOK-BC\DOCUMENTS\VISUAL STUDIO 2010\PROJECTS\URMUS\URMUSWIN\DEBUG\LIOLIB.OBJ
C:\USERS\JONGWOOK-BC\DOCUMENTS\VISUAL STUDIO 2010\PROJECTS\URMUS\URMUSWIN\DEBUG\LLEX.OBJ
C:\USERS\JONGWOOK-BC\DOCUMENTS\VISUAL STUDIO 2010\PROJECTS\URMUS\URMUSWIN\DEBUG\LMATHLIB.OBJ
C:\USERS\JONGWOOK-BC\DOCUMENTS\VISUAL STUDIO 2010\PROJECTS\URMUS\URMUSWIN\DEBUG\LMEM.OBJ
C:\USERS\JONGWOOK-BC\DOCUMENTS\VISUAL STUDIO 2010\PROJECTS\URMUS\URMUSWIN\DEBUG\LOADLIB.OBJ
C:\USERS\JONGWOOK-BC\DOCUMENTS\VISUAL STUDIO 2010\PROJECTS\URMUS\URMUSWIN\DEBUG\LOBJECT.OBJ
C:\USERS\JONGWOOK-BC\DOCUMENTS\VISUAL STUDIO 2010\PROJECTS\URMUS\URMUSWIN\DEBUG\LOPCODES.OBJ
C:\USERS\JONGWOOK-BC\DOCUMENTS\VISUAL STUDIO 2010\PROJECTS\URMUS\URMUSWIN\DEBUG\LPARSER.OBJ
C:\USERS\JONGWOOK-BC\DOCUMENTS\VISUAL STUDIO 2010\PROJECTS\URMUS\URMUSWIN\DEBUG\LSTATE.OBJ
C:\USERS\JONGWOOK-BC\DOCUMENTS\VISUAL STUDIO 2010\PROJECTS\URMUS\URMUSWIN\DEBUG\LSTRING.OBJ
C:\USERS\JONGWOOK-BC\DOCUMENTS\VISUAL STUDIO 2010\PROJECTS\URMUS\URMUSWIN\DEBUG\LSTRLIB.OBJ
C:\USERS\JONGWOOK-BC\DOCUMENTS\VISUAL STUDIO 2010\PROJECTS\URMUS\URMUSWIN\DEBUG\LTABLE.OBJ
C:\USERS\JONGWOOK-BC\DOCUMENTS\VISUAL STUDIO 2010\PROJECTS\URMUS\URMUSWIN\DEBUG\LTABLIB.OBJ
C:\USERS\JONGWOOK-BC\DOCUMENTS\VISUAL STUDIO 2010\PROJECTS\URMUS\URMUSWIN\DEBUG\LTM.OBJ
C:\USERS\JONGWOOK-BC\DOCUMENTS\VISUAL STUDIO 2010\PROJECTS\URMUS\URMUSWIN\DEBUG\LUAC.OBJ
C:\USERS\JONGWOOK-BC\DOCUMENTS\VISUAL STUDIO 2010\PROJECTS\URMUS\URMUSWIN\DEBUG\LUNDUMP.OBJ
C:\USERS\JONGWOOK-BC\DOCUMENTS\VISUAL STUDIO 2010\PROJECTS\URMUS\URMUSWIN\DEBUG\LVM.OBJ
C:\USERS\JONGWOOK-BC\DOCUMENTS\VISUAL STUDIO 2010\PROJECTS\URMUS\URMUSWIN\DEBUG\LZIO.OBJ
C:\USERS\JONGWOOK-BC\DOCUMENTS\VISUAL STUDIO 2010\PROJECTS\URMUS\URMUSWIN\DEBUG\MANDOLIN.OBJ
C:\USERS\JONGWOOK-BC\DOCUMENTS\VISUAL STUDIO 2010\PROJECTS\URMUS\URMUSWIN\DEBUG\MESH2D.OBJ
C:\USERS\JONGWOOK-BC\DOCUMENTS\VISUAL STUDIO 2010\PROJECTS\URMUS\URMUSWIN\DEBUG\MODAL.OBJ
C:\USERS\JONGWOOK-BC\DOCUMENTS\VISUAL STUDIO 2010\PROJECTS\URMUS\URMUSWIN\DEBUG\MODALBAR.OBJ
C:\USERS\JONGWOOK-BC\DOCUMENTS\VISUAL STUDIO 2010\PROJECTS\URMUS\URMUSWIN\DEBUG\MODULATE.OBJ
C:\USERS\JONGWOOK-BC\DOCUMENTS\VISUAL STUDIO 2010\PROJECTS\URMUS\URMUSWIN\DEBUG\MOOG.OBJ
C:\Users\Jongwook-BC\Documents\Visual Studio 2010\Projects\urMus\urMusWin\Debug\mt.command.1.tlog
C:\Users\Jongwook-BC\Documents\Visual Studio 2010\Projects\urMus\urMusWin\Debug\mt.read.1.tlog
C:\Users\Jongwook-BC\Documents\Visual Studio 2010\Projects\urMus\urMusWin\Debug\mt.write.1.tlog
C:\USERS\JONGWOOK-BC\DOCUMENTS\VISUAL STUDIO 2010\PROJECTS\URMUS\URMUSWIN\DEBUG\NOISE.OBJ
C:\USERS\JONGWOOK-BC\DOCUMENTS\VISUAL STUDIO 2010\PROJECTS\URMUS\URMUSWIN\DEBUG\NREV.OBJ
C:\USERS\JONGWOOK-BC\DOCUMENTS\VISUAL STUDIO 2010\PROJECTS\URMUS\URMUSWIN\DEBUG\ONEPOLE.OBJ
C:\USERS\JONGWOOK-BC\DOCUMENTS\VISUAL STUDIO 2010\PROJECTS\URMUS\URMUSWIN\DEBUG\ONEZERO.OBJ
C:\USERS\JONGWOOK-BC\DOCUMENTS\VISUAL STUDIO 2010\PROJECTS\URMUS\URMUSWIN\DEBUG\PERCFLUT.OBJ
C:\USERS\JONGWOOK-BC\DOCUMENTS\VISUAL STUDIO 2010\PROJECTS\URMUS\URMUSWIN\DEBUG\PHONEMES.OBJ
C:\USERS\JONGWOOK-BC\DOCUMENTS\VISUAL STUDIO 2010\PROJECTS\URMUS\URMUSWIN\DEBUG\PITSHIFT.OBJ
C:\USERS\JONGWOOK-BC\DOCUMENTS\VISUAL STUDIO 2010\PROJECTS\URMUS\URMUSWIN\DEBUG\PLUCKED.OBJ
C:\USERS\JONGWOOK-BC\DOCUMENTS\VISUAL STUDIO 2010\PROJECTS\URMUS\URMUSWIN\DEBUG\PLUCKTWO.OBJ
C:\USERS\JONGWOOK-BC\DOCUMENTS\VISUAL STUDIO 2010\PROJECTS\URMUS\URMUSWIN\DEBUG\POLEZERO.OBJ
C:\USERS\JONGWOOK-BC\DOCUMENTS\VISUAL STUDIO 2010\PROJECTS\URMUS\URMUSWIN\DEBUG\PRCREV.OBJ
C:\USERS\JONGWOOK-BC\DOCUMENTS\VISUAL STUDIO 2010\PROJECTS\URMUS\URMUSWIN\DEBUG\PRINT.OBJ
C:\Users\Jongwook-BC\Documents\Visual Studio 2010\Projects\urMus\urMusWin\Debug\rc.command.1.tlog
C:\Users\Jongwook-BC\Documents\Visual Studio 2010\Projects\urMus\urMusWin\Debug\rc.read.1.tlog
C:\Users\Jongwook-BC\Documents\Visual Studio 2010\Projects\urMus\urMusWin\Debug\rc.write.1.tlog
C:\USERS\JONGWOOK-BC\DOCUMENTS\VISUAL STUDIO 2010\PROJECTS\URMUS\URMUSWIN\DEBUG\RESONATE.OBJ
C:\USERS\JONGWOOK-BC\DOCUMENTS\VISUAL STUDIO 2010\PROJECTS\URMUS\URMUSWIN\DEBUG\RHODEY.OBJ
C:\USERS\JONGWOOK-BC\DOCUMENTS\VISUAL STUDIO 2010\PROJECTS\URMUS\URMUSWIN\DEBUG\SAMPLER.OBJ
C:\USERS\JONGWOOK-BC\DOCUMENTS\VISUAL STUDIO 2010\PROJECTS\URMUS\URMUSWIN\DEBUG\SAXOFONY.OBJ
C:\USERS\JONGWOOK-BC\DOCUMENTS\VISUAL STUDIO 2010\PROJECTS\URMUS\URMUSWIN\DEBUG\SHAKERS.OBJ
C:\USERS\JONGWOOK-BC\DOCUMENTS\VISUAL STUDIO 2010\PROJECTS\URMUS\URMUSWIN\DEBUG\SIMPLE.OBJ
C:\USERS\JONGWOOK-BC\DOCUMENTS\VISUAL STUDIO 2010\PROJECTS\URMUS\URMUSWIN\DEBUG\SINEWAVE.OBJ
C:\USERS\JONGWOOK-BC\DOCUMENTS\VISUAL STUDIO 2010\PROJECTS\URMUS\URMUSWIN\DEBUG\SINGWAVE.OBJ
C:\USERS\JONGWOOK-BC\DOCUMENTS\VISUAL STUDIO 2010\PROJECTS\URMUS\URMUSWIN\DEBUG\SITAR.OBJ
C:\USERS\JONGWOOK-BC\DOCUMENTS\VISUAL STUDIO 2010\PROJECTS\URMUS\URMUSWIN\DEBUG\SPHERE.OBJ
C:\USERS\JONGWOOK-BC\DOCUMENTS\VISUAL STUDIO 2010\PROJECTS\URMUS\URMUSWIN\DEBUG\STIFKARP.OBJ
C:\USERS\JONGWOOK-BC\DOCUMENTS\VISUAL STUDIO 2010\PROJECTS\URMUS\URMUSWIN\DEBUG\STK.OBJ
C:\USERS\JONGWOOK-BC\DOCUMENTS\VISUAL STUDIO 2010\PROJECTS\URMUS\URMUSWIN\DEBUG\TAPDELAY.OBJ
C:\USERS\JONGWOOK-BC\DOCUMENTS\VISUAL STUDIO 2010\PROJECTS\URMUS\URMUSWIN\DEBUG\TUBEBELL.OBJ
C:\USERS\JONGWOOK-BC\DOCUMENTS\VISUAL STUDIO 2010\PROJECTS\URMUS\URMUSWIN\DEBUG\TWOPOLE.OBJ
C:\USERS\JONGWOOK-BC\DOCUMENTS\VISUAL STUDIO 2010\PROJECTS\URMUS\URMUSWIN\DEBUG\TWOZERO.OBJ
C:\USERS\JONGWOOK-BC\DOCUMENTS\VISUAL STUDIO 2010\PROJECTS\URMUS\URMUSWIN\DEBUG\URMUS.EXE
C:\USERS\JONGWOOK-BC\DOCUMENTS\VISUAL STUDIO 2010\PROJECTS\URMUS\URMUSWIN\DEBUG\URMUS.EXE.EMBED.MANIFEST
C:\USERS\JONGWOOK-BC\DOCUMENTS\VISUAL STUDIO 2010\PROJECTS\URMUS\URMUSWIN\DEBUG\URMUS.EXE.EMBED.MANIFEST.RES
C:\USERS\JONGWOOK-BC\DOCUMENTS\VISUAL STUDIO 2010\PROJECTS\URMUS\URMUSWIN\DEBUG\URMUS.EXE.INTERMEDIATE.MANIFEST
C:\USERS\JONGWOOK-BC\DOCUMENTS\VISUAL STUDIO 2010\PROJECTS\URMUS\URMUSWIN\DEBUG\URMUS.ILK
C:\USERS\JONGWOOK-BC\DOCUMENTS\VISUAL STUDIO 2010\PROJECTS\URMUS\URMUSWIN\DEBUG\URMUS.PDB
C:\Users\Jongwook-BC\Documents\Visual Studio 2010\Projects\urMus\urMusWin\Debug\urMus_manifest.rc
C:\Users\Jongwook-BC\Documents\Visual Studio 2010\Projects\urMus\urMusWin\Debug\vc100.idb
C:\USERS\JONGWOOK-BC\DOCUMENTS\VISUAL STUDIO 2010\PROJECTS\URMUS\URMUSWIN\DEBUG\VC100.PDB
C:\USERS\JONGWOOK-BC\DOCUMENTS\VISUAL STUDIO 2010\PROJECTS\URMUS\URMUSWIN\DEBUG\VOICER.OBJ
C:\USERS\JONGWOOK-BC\DOCUMENTS\VISUAL STUDIO 2010\PROJECTS\URMUS\URMUSWIN\DEBUG\VOICFORM.OBJ
C:\USERS\JONGWOOK-BC\DOCUMENTS\VISUAL STUDIO 2010\PROJECTS\URMUS\URMUSWIN\DEBUG\WHISTLE.OBJ
C:\USERS\JONGWOOK-BC\DOCUMENTS\VISUAL STUDIO 2010\PROJECTS\URMUS\URMUSWIN\DEBUG\WINMAIN.OBJ
C:\USERS\JONGWOOK-BC\DOCUMENTS\VISUAL STUDIO 2010\PROJECTS\URMUS\URMUSWIN\DEBUG\WURLEY.OBJ
